<?xml version="1.0" encoding="UTF-8"?>
<!-- Generated by org.testng.reporters.JUnitXMLReporter -->
<testsuite ignored="1" hostname="lavuu" failures="0" tests="2" name="Test1" time="0.066" errors="0" timestamp="2022-03-03T10:48:00 IST">
  <testcase classname="TestNG_Ex.example.NewTest2" name="test1" time="0.009"/>
  <testcase classname="TestNG_Ex.example.NewTest2" name="test2" time="0.002"/>
  <testcase classname="TestNG_Ex.example.NewTest2" name="test3" time="0.0">
    <ignored/>
  </testcase> <!-- test3 -->
</testsuite> <!-- Test1 -->
