<?xml version="1.0" encoding="UTF-8"?>
<testng-results ignored="0" total="2" passed="2" failed="0" skipped="0">
  <reporter-output>
  </reporter-output>
  <suite started-at="2022-03-12T18:56:22 IST" name="Default suite" finished-at="2022-03-12T18:57:41 IST" duration-ms="79115">
    <groups>
    </groups>
    <test started-at="2022-03-12T18:56:22 IST" name="Default test" finished-at="2022-03-12T18:57:41 IST" duration-ms="79115">
      <class name="TestNG_Ex.example.FirstTest">
        <test-method signature="test1()[pri:0, instance:TestNG_Ex.example.FirstTest@73ee04c8]" started-at="2022-03-12T18:56:22 IST" name="test1" finished-at="2022-03-12T18:56:47 IST" duration-ms="25111" status="PASS">
          <reporter-output>
          </reporter-output>
        </test-method> <!-- test1 -->
        <test-method signature="test2()[pri:0, instance:TestNG_Ex.example.FirstTest@73ee04c8]" started-at="2022-03-12T18:56:47 IST" name="test2" finished-at="2022-03-12T18:57:41 IST" duration-ms="53940" status="PASS">
          <reporter-output>
          </reporter-output>
        </test-method> <!-- test2 -->
      </class> <!-- TestNG_Ex.example.FirstTest -->
    </test> <!-- Default test -->
  </suite> <!-- Default suite -->
</testng-results>
